d:\documents\gdalfile\gdalproject1\x64\debug\gdalproject1.pch
d:\documents\gdalfile\gdalproject1\x64\debug\vc142.pdb
d:\documents\gdalfile\gdalproject1\x64\debug\vc142.idb
d:\documents\gdalfile\gdalproject1\x64\debug\pch.obj
d:\documents\gdalfile\gdalproject1\x64\debug\gdalproject1.obj
d:\documents\gdalfile\gdalproject1\x64\debug\filtering.obj
d:\documents\gdalfile\gdalproject1\x64\debug\gdalproject1.lib
d:\documents\gdalfile\gdalproject1\x64\debug\gdalproject1.exp
d:\documents\gdalfile\gdalproject1\x64\debug\gdalproject1.ilk
d:\documents\gdalfile\gdalproject1\x64\debug\gdalproject1.exe
d:\documents\gdalfile\gdalproject1\x64\debug\gdalproject1.pdb
d:\documents\gdalfile\gdalproject1\x64\debug\demo.exp
d:\documents\gdalfile\gdalproject1\x64\debug\gdalproject2.exp
d:\documents\gdalfile\gdalproject1\x64\debug\gdalproject3.exp
d:\documents\gdalfile\gdalproject1\x64\debug\gdalproject4.exp
d:\documents\gdalfile\gdalproject1\x64\debug\gdalproject5.exp
d:\documents\gdalfile\gdalproject1\x64\debug\gdalproject6.exp
d:\documents\gdalfile\gdalproject1\x64\debug\gdalproject7.exp
d:\documents\gdalfile\gdalproject1\x64\debug\gdalproject8.exp
d:\documents\gdalfile\gdalproject1\x64\debug\gdalproject9.exp
d:\documents\gdalfile\gdalproject1\x64\debug\newgdalproject7.exp
d:\documents\gdalfile\gdalproject1\x64\debug\testproject1.exp
d:\documents\gdalfile\gdalproject1\x64\debug\testproject7.exp
d:\documents\gdalfile\gdalproject1\x64\debug\demo.pdb
d:\documents\gdalfile\gdalproject1\x64\debug\gdalproject2.pdb
d:\documents\gdalfile\gdalproject1\x64\debug\gdalproject3.pdb
d:\documents\gdalfile\gdalproject1\x64\debug\gdalproject4.pdb
d:\documents\gdalfile\gdalproject1\x64\debug\gdalproject5.pdb
d:\documents\gdalfile\gdalproject1\x64\debug\gdalproject6.pdb
d:\documents\gdalfile\gdalproject1\x64\debug\gdalproject7.pdb
d:\documents\gdalfile\gdalproject1\x64\debug\gdalproject8.pdb
d:\documents\gdalfile\gdalproject1\x64\debug\gdalproject9.pdb
d:\documents\gdalfile\gdalproject1\x64\debug\newgdalproject7.pdb
d:\documents\gdalfile\gdalproject1\x64\debug\testproject1.pdb
d:\documents\gdalfile\gdalproject1\x64\debug\gdalproject1.tlog\cl.command.1.tlog
d:\documents\gdalfile\gdalproject1\x64\debug\gdalproject1.tlog\cl.read.1.tlog
d:\documents\gdalfile\gdalproject1\x64\debug\gdalproject1.tlog\cl.write.1.tlog
d:\documents\gdalfile\gdalproject1\x64\debug\gdalproject1.tlog\gdalproject1.write.1u.tlog
d:\documents\gdalfile\gdalproject1\x64\debug\gdalproject1.tlog\link.command.1.tlog
d:\documents\gdalfile\gdalproject1\x64\debug\gdalproject1.tlog\link.read.1.tlog
d:\documents\gdalfile\gdalproject1\x64\debug\gdalproject1.tlog\link.write.1.tlog
